Base path: C:/Program Files (x86)/Unity/Editor/Data
Pipe name: \\.\pipe\UnityShaderCompiler-1-2948
Cmd: getPlatforms
Cmd: preprocess
  insize=493 outsize=493 ok=1
Cmd: preprocess
  insize=613 outsize=1195 ok=1
Cmd: preprocess
  insize=480 outsize=1228 ok=1
Cmd: preprocess
  insize=452 outsize=452 ok=1
Cmd: preprocess
  insize=2393 outsize=1340 ok=1
Cmd: preprocess
  insize=510 outsize=1208 ok=1
Cmd: preprocess
  insize=2970 outsize=1659 ok=1
Cmd: preprocess
  insize=3008 outsize=1537 ok=1
Cmd: preprocess
  insize=740 outsize=1386 ok=1
Cmd: preprocess
  insize=3504 outsize=1799 ok=1
Cmd: preprocess
  insize=2433 outsize=1360 ok=1
Cmd: preprocess
  insize=1725 outsize=1007 ok=1
Cmd: preprocess
  insize=1588 outsize=401 ok=1
